C51 COMPILER V9.59.0.0   JIAOTONGDENG                                                      05/15/2026 08:05:05 PAGE 1   


C51 COMPILER V9.59.0.0, COMPILATION OF MODULE JIAOTONGDENG
OBJECT MODULE PLACED IN jiaotongdeng.OBJ
COMPILER INVOKED BY: C:\Keil_v5\C51\BIN\C51.EXE jiaotongdeng.c BROWSE DEBUG OBJECTEXTEND

line level    source

   1           #include <reg51.h>
   2          
   3          // --- в§НХЖЈвх ---
   4          // ФЯББЗНЯђЕЦ (P1.3 - P1.5)
   5          sbit NS_RED    = P1^3;
   6          sbit NS_YELLOW = P1^5;
   7          sbit NS_GREEN  = P1^4;
   8          // ЖЋЮїЗНЯђЕЦ (P1.0 - P1.2)
   9          sbit EW_RED    = P1^0;
  10          sbit EW_YELLOW = P1^2;
  11          sbit EW_GREEN  = P1^1;
  12          
  13          sbit EMERGENCY_KEY = P3^2;
  14          
  15          // Ъ§ТыЙмЮЛбЁ (ИпЕчЦНгааЇ)
  16          sbit DIG_NS10 = P2^0;
  17          sbit DIG_NS1  = P2^1;
  18          sbit DIG_EW10 = P2^2;
  19          sbit DIG_EW1  = P2^3;
  20          
  21          // ЙВбєМЋЖЮТыБэ (0~9, ШЋУ№)
  22          unsigned char code seg_table[] = {
  23              0xC0, // 0
  24              0xF9, // 1
  25              0xA4, // 2
  26              0xB0, // 3
  27              0x99, // 4
  28              0x92, // 5
  29              0x82, // 6
  30              0xF8, // 7
  31              0x80, // 8
  32              0x90, // 9
  33              0xFF  // ШЋУ№
  34          };
  35          
  36          volatile unsigned char disp_buf[4] = {10,10,10,10};
  37          
  38          // зДЬЌЖЈвх
  39          #define STATE_NS_GO    0    // ФЯББЭЈаа
  40          #define STATE_NS_WARN  1    // ФЯББЛКГх
  41          #define STATE_EW_GO    2    // ЖЋЮїЭЈаа
  42          #define STATE_EW_WARN  3    // ЖЋЮїЛКГх
  43          
  44          unsigned char current_state = STATE_NS_GO;
  45          
  46          // СНИіЗНЯђЖРСЂЕФЕЙМЦЪБЃЈЕЅЮЛЃКУыЃЉ
  47          unsigned char ns_time = 10;  // ФЯББЕБЧАЕЦЩЋЪЃгрУыЪ§
  48          unsigned char ew_time = 10;  // ЖЋЮїЕБЧАЕЦЩЋЪЃгрУыЪ§ЃЈГѕЪМгыФЯББЯрЕШЃЌПЩаоИФЃЉ
  49          
  50          // НєМБПижЦ
  51          volatile bit emergency_mode = 0;
  52          bit saved_once = 0;
  53          unsigned char state_backup;
  54          unsigned char ns_backup, ew_backup;
  55          
C51 COMPILER V9.59.0.0   JIAOTONGDENG                                                      05/15/2026 08:05:05 PAGE 2   

  56          // ЪБЛљБъжО
  57          volatile bit flag_1s = 0;
  58          volatile bit flag_500ms = 0;
  59          volatile bit flag_update_lights = 0;
  60          
  61          void delay_ms(unsigned int ms) {
  62   1          unsigned int i, j;
  63   1          for(i=0; i<ms; i++)
  64   1              for(j=0; j<120; j++);
  65   1      }
  66          
  67          // ИќаТаХКХЕЦЃЈИљОнЕБЧАзДЬЌКЭ500msЩСЫИБъжОЃЉ
  68          void update_lights() {
  69   1          NS_RED = 1; NS_YELLOW = 1; NS_GREEN = 1;
  70   1          EW_RED = 1; EW_YELLOW = 1; EW_GREEN = 1;
  71   1      
  72   1          switch(current_state) {
  73   2              case STATE_NS_GO:
  74   2                  NS_GREEN = 0;
  75   2                  EW_RED = 0;
  76   2                  break;
  77   2              case STATE_NS_WARN:
  78   2                  EW_RED = 0;
  79   2                  NS_YELLOW = flag_500ms ? 0 : 1;  // 0.5sНЛЬц
  80   2                  break;
  81   2              case STATE_EW_GO:
  82   2                  NS_RED = 0;
  83   2                  EW_GREEN = 0;
  84   2                  break;
  85   2              case STATE_EW_WARN:
  86   2                  NS_RED = 0;
  87   2                  EW_YELLOW = flag_500ms ? 0 : 1;
  88   2                  break;
  89   2          }
  90   1      }
  91          
  92          // ИќаТЪ§ТыЙмЯдЪОЛКГхЧјЃЈСНИіЗНЯђОљЯдЪОЕЙМЦЪБЃЉ
  93          void update_display() {
  94   1          // ФЯББЗНЯђЪМжеЯдЪО ns_time
  95   1          disp_buf[0] = ns_time / 10;
  96   1          disp_buf[1] = ns_time % 10;
  97   1          // ЖЋЮїЗНЯђЪМжеЯдЪО ew_time
  98   1          disp_buf[2] = ew_time / 10;
  99   1          disp_buf[3] = ew_time % 10;
 100   1      }
 101          
 102          void timer0_init() {
 103   1          TMOD &= 0xF0;
 104   1          TMOD |= 0x01;
 105   1          TH0 = 0xFC;
 106   1          TL0 = 0x18;
 107   1          ET0 = 1;
 108   1          TR0 = 1;
 109   1      }
 110          
 111          void ext0_init() {
 112   1          IT0 = 1;
 113   1          EX0 = 1;
 114   1      }
 115          
 116          void main() {
 117   1          timer0_init();
C51 COMPILER V9.59.0.0   JIAOTONGDENG                                                      05/15/2026 08:05:05 PAGE 3   

 118   1          ext0_init();
 119   1          EA = 1;
 120   1      
 121   1          update_lights();
 122   1          update_display();
 123   1      
 124   1          while(1) {
 125   2              // ---------- НєМБФЃЪН ----------
 126   2              if(emergency_mode) {
 127   3                  if(!saved_once) {
 128   4                      state_backup = current_state;
 129   4                      ns_backup = ns_time;
 130   4                      ew_backup = ew_time;
 131   4                      saved_once = 1;
 132   4                  }
 133   3                  // ШЋКьЕЦ
 134   3                  NS_RED = 0; NS_YELLOW = 1; NS_GREEN = 1;
 135   3                  EW_RED = 0; EW_YELLOW = 1; EW_GREEN = 1;
 136   3                  // Ъ§ТыЙмБЃГжЖГНс
 137   3                  update_display();   // ЪЕМЪШдЯдЪО ns_backup, ew_backup вђЮЊКѓУцУЛИФ
 138   3      
 139   3                  if(EMERGENCY_KEY == 1) {
 140   4                      delay_ms(20);
 141   4                      if(EMERGENCY_KEY == 1)
 142   4                          emergency_mode = 0;
 143   4                  }
 144   3              }
 145   2              // ---------- е§ГЃФЃЪН ----------
 146   2              else {
 147   3                  if(saved_once) {
 148   4                      current_state = state_backup;
 149   4                      ns_time = ns_backup;
 150   4                      ew_time = ew_backup;
 151   4                      saved_once = 0;
 152   4                      update_lights();
 153   4                      update_display();
 154   4                  }
 155   3      
 156   3                  if(flag_update_lights) {
 157   4                      flag_update_lights = 0;
 158   4                      update_lights();
 159   4                  }
 160   3      
 161   3                  if(flag_1s) {
 162   4                      flag_1s = 0;
 163   4                      // УПУыСНИіЗНЯђЕФЕЙМЦЪБЖММѕ1ЃЈШчЙћДѓгк0ЃЉ
 164   4                      if(ns_time > 0) ns_time--;
 165   4                      if(ew_time > 0) ew_time--;
 166   4      
 167   4                      // зДЬЌЧаЛЛТпМ­ЃЈЛљгкСНИіЪБМфЕФЙщСуМьВтЃЉ
 168   4                      switch(current_state) {
 169   5                          case STATE_NS_GO:   // ФЯББТЬЃЌЖЋЮїКьЃЌЦкЭћФЯББЪБМфЕН0ЪБЧаЛЛ
 170   5                              if(ns_time == 0) {   // ФЯББТЬЕЦНсЪј
 171   6                                  current_state = STATE_NS_WARN;
 172   6                                  ns_time = 3;      // ЛЦЕЦ3Уы
 173   6                                  // ew_time МЬајБЃГжКьЕЦЕЙМЦЪБЃЌВЛашвЊИФЃЌЫќМЬајМѕЩй
 174   6                              }
 175   5                              break;
 176   5                          case STATE_NS_WARN: // ФЯББЛЦЕЦЩСЫИЃЌЖЋЮїКь
 177   5                              if(ns_time == 0) {   // ЛЦЕЦНсЪј
 178   6                                  current_state = STATE_EW_GO;
 179   6                                  // ФЯБББфЮЊКьЕЦЃЌЪБМфгІЮЊЖЋЮїЭЈаа+ЛКГхзмЪБМфЃПВЛЃЌЯждкУПИіЗНЯђЯдЪОздМКЕЦЩЋЪЃгр
C51 COMPILER V9.59.0.0   JIAOTONGDENG                                                      05/15/2026 08:05:05 PAGE 4   

             -ЪБМф
 180   6                                  // ФЯББКьЕЦНЋГжај ew_timeЕФЭЈааЪБМф+3УыЛКГх=5+3=8УыЃЌЕЋЪЕМЪгІдкНјШыИУзДЬЌЪБЩшЖ
             -Ј
 181   6                                  // ЮЊМђЛЏЃЌЮвУЧдкзДЬЌЧаЛЛЪБИј ns_time КЭ ew_time жиаТИГжЕ
 182   6                                  ns_time = 5 + 3;  // ЖЋЮїТЬЕЦ5Уы+ЛЦЕЦ3Уы = ФЯББКьЕЦзмЪБМф
 183   6                                  ew_time = 5;      // ЖЋЮїТЬЕЦ5Уы
 184   6                              }
 185   5                              break;
 186   5                          case STATE_EW_GO:   // ЖЋЮїТЬЃЌФЯББКь
 187   5                              if(ew_time == 0) {   // ЖЋЮїТЬЕЦНсЪј
 188   6                                  current_state = STATE_EW_WARN;
 189   6                                  ew_time = 3;      // ЛЦЕЦ3Уы
 190   6                                  // ns_time МЬајМѕЩйЃЈФЯББКьЕЦЪЃгрЪБМфЃЉ
 191   6                              }
 192   5                              break;
 193   5                          case STATE_EW_WARN: // ЖЋЮїЛЦЕЦЩСЫИЃЌФЯББКь
 194   5                              if(ew_time == 0) {   // ЖЋЮїЛЦЕЦНсЪј
 195   6                                  current_state = STATE_NS_GO;
 196   6                                  ns_time = 10;     // ФЯББТЬЕЦ10Уы
 197   6                                  ew_time = 10 + 3; // ЖЋЮїКьЕЦ = ФЯББТЬЕЦ10Уы+ЛЦЕЦ3Уы = 13Уы
 198   6                              }
 199   5                              break;
 200   5                      }
 201   4                      update_display();   // ИќаТЯдЪО
 202   4                  }
 203   3              }
 204   2          }
 205   1      }
 206          
 207          void timer0_ISR() interrupt 1 {
 208   1          static unsigned char scan_pos = 0;
 209   1          static unsigned int ms_count = 0;
 210   1          static unsigned int half_count = 0;
 211   1      
 212   1          TH0 = 0xFC;
 213   1          TL0 = 0x18;
 214   1      
 215   1          P2 = 0x00;
 216   1          P0 = seg_table[disp_buf[scan_pos]];
 217   1          switch(scan_pos) {
 218   2              case 0: DIG_NS10 = 1; break;
 219   2              case 1: DIG_NS1  = 1; break;
 220   2              case 2: DIG_EW10 = 1; break;
 221   2              case 3: DIG_EW1  = 1; break;
 222   2          }
 223   1          scan_pos = (scan_pos + 1) & 0x03;
 224   1      
 225   1          if(++ms_count >= 1000) {
 226   2              ms_count = 0;
 227   2              flag_1s = 1;
 228   2          }
 229   1          if(++half_count >= 500) {
 230   2              half_count = 0;
 231   2              flag_500ms = ~flag_500ms;
 232   2              flag_update_lights = 1;
 233   2          }
 234   1      }
 235          
 236          void ext0_ISR() interrupt 0 {
 237   1          if(emergency_mode) {
 238   2              emergency_mode = 0;
 239   2          } else {
C51 COMPILER V9.59.0.0   JIAOTONGDENG                                                      05/15/2026 08:05:05 PAGE 5   

 240   2              emergency_mode = 1;
 241   2          }
 242   1      }


MODULE INFORMATION:   STATIC OVERLAYABLE
   CODE SIZE        =    486    ----
   CONSTANT SIZE    =     11    ----
   XDATA SIZE       =   ----    ----
   PDATA SIZE       =   ----    ----
   DATA SIZE        =     15    ----
   IDATA SIZE       =   ----    ----
   BIT SIZE         =      5    ----
END OF MODULE INFORMATION.


C51 COMPILATION COMPLETE.  0 WARNING(S),  0 ERROR(S)
