C51 COMPILER V9.59.0.0   SLAVE_B                                                           05/19/2026 20:32:22 PAGE 1   


C51 COMPILER V9.59.0.0, COMPILATION OF MODULE SLAVE_B
OBJECT MODULE PLACED IN slave_B.OBJ
COMPILER INVOKED BY: C:\Keil_v5\C51\BIN\C51.EXE slave_B.c BROWSE DEBUG OBJECTEXTEND

line level    source

   1          #include <reg52.h>
   2          #include <stdio.h>
   3          
   4          sbit K1   = P3^2;
   5          sbit LED1 = P2^0;
   6          sbit LED2 = P2^1;
   7          
   8          #define XINGMING "齐继浩"
   9          #define XUEHAO   "094424128"
  10          
  11          void Uart_Init(void)
  12          {
  13   1          SCON = 0x50;
  14   1          TMOD |= 0x20;
  15   1          TH1  = 0xFD;
  16   1          TL1  = 0xFD;
  17   1          TR1  = 1;
  18   1          EA   = 1;
  19   1          ES   = 1;
  20   1      }
  21          
  22          void Send_Byte(unsigned char dat)
  23          {
  24   1          SBUF = dat;
  25   1          while(!TI);
  26   1          TI = 0;
  27   1      }
  28          char putchar(char c)
  29          {
  30   1          Send_Byte(c);
  31   1          return c;
  32   1      }
  33          
  34          void Key1_Send(void)
  35          {
  36   1          if(K1 == 0)
  37   1          {
  38   2              unsigned int t;
  39   2              for(t=0;t<5000;t++);
  40   2              if(K1 == 0)
  41   2              {
  42   3                  printf("Hello, %s + %s\r\n",XINGMING,XUEHAO);
  43   3                  while(K1==0);
  44   3              }
  45   2          }
  46   1      }
  47          
  48          unsigned char dat_buf[2],num=0;
  49          void Uart_Int() interrupt 4
  50          {
  51   1          if(RI)
  52   1          {
  53   2              RI=0;
  54   2              dat_buf[num++]=SBUF;
  55   2              if(num>=2)
C51 COMPILER V9.59.0.0   SLAVE_B                                                           05/19/2026 20:32:22 PAGE 2   

  56   2              {
  57   3                  num=0;
  58   3                  if(dat_buf[0]=='1'&&dat_buf[1]=='1') LED1=0;
  59   3                  if(dat_buf[0]=='1'&&dat_buf[1]=='0') LED1=1;
  60   3                  if(dat_buf[0]=='2'&&dat_buf[1]=='1') LED2=0;
  61   3                  if(dat_buf[0]=='2'&&dat_buf[1]=='0') LED2=1;
  62   3              }
  63   2          }
  64   1      }
  65          
  66          void main(void)
  67          {
  68   1          Uart_Init();
  69   1          LED1=1;LED2=1;
  70   1          while(1)
  71   1          {
  72   2              Key1_Send();
  73   2          }
  74   1      }


MODULE INFORMATION:   STATIC OVERLAYABLE
   CODE SIZE        =    199    ----
   CONSTANT SIZE    =     37    ----
   XDATA SIZE       =   ----    ----
   PDATA SIZE       =   ----    ----
   DATA SIZE        =      3       2
   IDATA SIZE       =   ----    ----
   BIT SIZE         =   ----    ----
END OF MODULE INFORMATION.


C51 COMPILATION COMPLETE.  0 WARNING(S),  0 ERROR(S)
